0 info it worked if it ends with ok
1 verbose cli [ 'node', '/usr/local/bin/npm', 'install', 'nodelib-curl' ]
2 info using npm@1.4.28
3 info using node@v0.10.33
4 warn package.json express-json@1.0.0 No repository field.
5 warn package.json mongoose-types@1.0.3 No repository field.
6 warn package.json mongoose-types@1.0.3 Invalid filename in 'files' list:
7 warn package.json dns-notfound-what@1.1.0 No repository field.
8 warn package.json url@0.10.2 url is also the name of a node core module.
9 verbose cache add [ 'nodelib-curl', null ]
10 verbose cache add name=undefined spec="nodelib-curl" args=["nodelib-curl",null]
11 verbose parsed url { protocol: null,
11 verbose parsed url   slashes: null,
11 verbose parsed url   auth: null,
11 verbose parsed url   host: null,
11 verbose parsed url   port: null,
11 verbose parsed url   hostname: null,
11 verbose parsed url   hash: null,
11 verbose parsed url   search: null,
11 verbose parsed url   query: null,
11 verbose parsed url   pathname: 'nodelib-curl',
11 verbose parsed url   path: 'nodelib-curl',
11 verbose parsed url   href: 'nodelib-curl' }
12 silly lockFile e55eb4e1-nodelib-curl nodelib-curl
13 verbose lock nodelib-curl /Users/SGudimela/.npm/e55eb4e1-nodelib-curl.lock
14 silly lockFile e55eb4e1-nodelib-curl nodelib-curl
15 silly lockFile e55eb4e1-nodelib-curl nodelib-curl
16 verbose addNamed [ 'nodelib-curl', '' ]
17 verbose addNamed [ null, '*' ]
18 silly lockFile 1748e2cf-nodelib-curl nodelib-curl@
19 verbose lock nodelib-curl@ /Users/SGudimela/.npm/1748e2cf-nodelib-curl.lock
20 silly addNameRange { name: 'nodelib-curl', range: '*', hasData: false }
21 verbose request where is /nodelib-curl
22 verbose request registry https://registry.npmjs.org/
23 verbose request id 2aaa6afb6c5f996c
24 verbose url raw /nodelib-curl
25 verbose url resolving [ 'https://registry.npmjs.org/', './nodelib-curl' ]
26 verbose url resolved https://registry.npmjs.org/nodelib-curl
27 verbose request where is https://registry.npmjs.org/nodelib-curl
28 info trying registry request attempt 1 at 09:17:46
29 http GET https://registry.npmjs.org/nodelib-curl
30 http 404 https://registry.npmjs.org/nodelib-curl
31 verbose headers { date: 'Tue, 24 Feb 2015 17:17:47 GMT',
31 verbose headers   server: 'CouchDB/1.5.0 (Erlang OTP/R16B03)',
31 verbose headers   'content-type': 'application/json',
31 verbose headers   'cache-control': 'max-age=0',
31 verbose headers   'content-length': '52',
31 verbose headers   'accept-ranges': 'bytes',
31 verbose headers   via: '1.1 varnish',
31 verbose headers   age: '0',
31 verbose headers   'x-served-by': 'cache-dfw1833-DFW',
31 verbose headers   'x-cache': 'MISS',
31 verbose headers   'x-cache-hits': '0',
31 verbose headers   'x-timer': 'S1424798267.584115,VS0,VE65',
31 verbose headers   'keep-alive': 'timeout=10, max=50',
31 verbose headers   connection: 'Keep-Alive' }
32 silly registry.get cb [ 404,
32 silly registry.get   { date: 'Tue, 24 Feb 2015 17:17:47 GMT',
32 silly registry.get     server: 'CouchDB/1.5.0 (Erlang OTP/R16B03)',
32 silly registry.get     'content-type': 'application/json',
32 silly registry.get     'cache-control': 'max-age=0',
32 silly registry.get     'content-length': '52',
32 silly registry.get     'accept-ranges': 'bytes',
32 silly registry.get     via: '1.1 varnish',
32 silly registry.get     age: '0',
32 silly registry.get     'x-served-by': 'cache-dfw1833-DFW',
32 silly registry.get     'x-cache': 'MISS',
32 silly registry.get     'x-cache-hits': '0',
32 silly registry.get     'x-timer': 'S1424798267.584115,VS0,VE65',
32 silly registry.get     'keep-alive': 'timeout=10, max=50',
32 silly registry.get     connection: 'Keep-Alive' } ]
33 silly lockFile 1748e2cf-nodelib-curl nodelib-curl@
34 silly lockFile 1748e2cf-nodelib-curl nodelib-curl@
35 error 404 404 Not Found: nodelib-curl
35 error 404
35 error 404 'nodelib-curl' is not in the npm registry.
35 error 404 You should bug the author to publish it
35 error 404
35 error 404 Note that you can also install from a
35 error 404 tarball, folder, or http url, or git url.
36 error System Darwin 14.1.0
37 error command "node" "/usr/local/bin/npm" "install" "nodelib-curl"
38 error cwd /Users/SGudimela/Workspace/node/bickh
39 error node -v v0.10.33
40 error npm -v 1.4.28
41 error code E404
42 verbose exit [ 1, true ]
